<?xml version="1.0" encoding="UTF-8"?>
<!-- Generated by org.testng.reporters.JUnitXMLReporter -->
<testsuite ignored="0" hostname="KGISL075" failures="1" tests="2" name="ErrorTest" time="39.82" errors="0" timestamp="2023-03-10T17:45:15 IST">
  <testcase classname="kgisl.Tests.ErrorValidationsTest" name="LoginErrorTest" time="0.945">
    <failure type="junit.framework.ComparisonFailure" message="expected:&amp;lt;......&amp;gt; but was:&amp;lt;...or ...&amp;gt;">
      <![CDATA[junit.framework.ComparisonFailure: expected:<......> but was:<...or ...>
at junit.framework.Assert.assertEquals(Assert.java:81)
at junit.framework.Assert.assertEquals(Assert.java:87)
at kgisl.Tests.ErrorValidationsTest.LoginErrorTest(ErrorValidationsTest.java:21)
at java.base/java.util.ArrayList.forEach(ArrayList.java:1511)
at java.base/java.util.concurrent.FutureTask.run(FutureTask.java:264)
at java.base/java.util.concurrent.ThreadPoolExecutor.runWorker(ThreadPoolExecutor.java:1136)
at java.base/java.util.concurrent.ThreadPoolExecutor$Worker.run(ThreadPoolExecutor.java:635)
at java.base/java.lang.Thread.run(Thread.java:833)
... Removed 17 stack frames]]>
    </failure>
  </testcase> <!-- LoginErrorTest -->
  <testcase classname="kgisl.Tests.ErrorValidationsTest" name="ProductErrorTest" time="2.411"/>
</testsuite> <!-- ErrorTest -->
