<?xml version="1.0" encoding="UTF-8"?>
<!-- Generated by org.testng.reporters.JUnitXMLReporter -->
<testsuite ignored="0" hostname="KGISL075" failures="0" tests="4" name="MainTest" time="59.638" errors="0" timestamp="2023-03-10T17:45:35 IST">
  <testcase classname="kgisl.Tests.MainTest" name="mainTest" time="4.805"/>
  <testcase classname="kgisl.Tests.MainTest" name="mainTest" time="3.731"/>
  <testcase classname="kgisl.Tests.MainTest" name="orderhistoryTest" time="0.866"/>
  <testcase classname="kgisl.Tests.MainTest" name="orderhistoryTest" time="0.905"/>
</testsuite> <!-- MainTest -->
